# JRE version: Java(TM) SE Runtime Environment (8.0_66-b17) (build 1.8.0_66-b17)
# Java VM: Java HotSpot(TM) Server VM (25.66-b17 mixed mode linux-x86 )
Heap:
 PSYoungGen      total 142336K, used 17654K [0x91ac0000, 0x9b940000, 0xa7000000)
  eden space 124672K, 0% used [0x91ac0000,0x91ac0000,0x99480000)
  from space 17664K, 99% used [0x99480000,0x9a5bdab0,0x9a5c0000)
  to   space 15360K, 0% used [0x9a5c0000,0x9a5c0000,0x9b4c0000)
 ParOldGen       total 42496K, used 37850K [0x67000000, 0x69980000, 0x91ac0000)
  object space 42496K, 89% used [0x67000000,0x694f6998,0x69980000)
 Metaspace       used 4145K, capacity 4166K, committed 4248K, reserved 4400K
GC Heap History (10 events):
Event: 3.157 GC heap after
Heap after GC invocations=2 (full 0):
 PSYoungGen      total 34304K, used 2559K [0x91ac0000, 0x93ec0000, 0xa7000000)
  eden space 31744K, 0% used [0x91ac0000,0x91ac0000,0x939c0000)
  from space 2560K, 99% used [0x93c40000,0x93ebfde0,0x93ec0000)
  to   space 2560K, 0% used [0x939c0000,0x939c0000,0x93c40000)
 ParOldGen       total 42496K, used 2384K [0x67000000, 0x69980000, 0x91ac0000)
  object space 42496K, 5% used [0x67000000,0x67254110,0x69980000)
 Metaspace       used 3757K, capacity 3814K, committed 3864K, reserved 4400K
}
Event: 4.616 GC heap before
{Heap before GC invocations=3 (full 0):
 PSYoungGen      total 34304K, used 34303K [0x91ac0000, 0x93ec0000, 0xa7000000)
  eden space 31744K, 100% used [0x91ac0000,0x939c0000,0x939c0000)
  from space 2560K, 99% used [0x93c40000,0x93ebfde0,0x93ec0000)
  to   space 2560K, 0% used [0x939c0000,0x939c0000,0x93c40000)
 ParOldGen       total 42496K, used 2384K [0x67000000, 0x69980000, 0x91ac0000)
  object space 42496K, 5% used [0x67000000,0x67254110,0x69980000)
 Metaspace       used 3808K, capacity 3846K, committed 3864K, reserved 4400K
Event: 4.674 GC heap after
Heap after GC invocations=3 (full 0):
 PSYoungGen      total 34304K, used 2554K [0x91ac0000, 0x95dc0000, 0xa7000000)
  eden space 31744K, 0% used [0x91ac0000,0x91ac0000,0x939c0000)
  from space 2560K, 99% used [0x939c0000,0x93c3eae0,0x93c40000)
  to   space 2560K, 0% used [0x95b40000,0x95b40000,0x95dc0000)
 ParOldGen       total 42496K, used 7763K [0x67000000, 0x69980000, 0x91ac0000)
  object space 42496K, 18% used [0x67000000,0x67794d90,0x69980000)
 Metaspace       used 3808K, capacity 3846K, committed 3864K, reserved 4400K
}
Event: 5.503 GC heap before
{Heap before GC invocations=4 (full 0):
 PSYoungGen      total 34304K, used 34298K [0x91ac0000, 0x95dc0000, 0xa7000000)
  eden space 31744K, 100% used [0x91ac0000,0x939c0000,0x939c0000)
  from space 2560K, 99% used [0x939c0000,0x93c3eae0,0x93c40000)
  to   space 2560K, 0% used [0x95b40000,0x95b40000,0x95dc0000)
 ParOldGen       total 42496K, used 7763K [0x67000000, 0x69980000, 0x91ac0000)
  object space 42496K, 18% used [0x67000000,0x67794d90,0x69980000)
 Metaspace       used 3832K, capacity 3878K, committed 3992K, reserved 4400K
Event: 5.581 GC heap after
Heap after GC invocations=4 (full 0):
 PSYoungGen      total 66048K, used 2554K [0x91ac0000, 0x95dc0000, 0xa7000000)
  eden space 63488K, 0% used [0x91ac0000,0x91ac0000,0x958c0000)
  from space 2560K, 99% used [0x95b40000,0x95dbeae0,0x95dc0000)
  to   space 2560K, 0% used [0x958c0000,0x958c0000,0x95b40000)
 ParOldGen       total 42496K, used 13805K [0x67000000, 0x69980000, 0x91ac0000)
  object space 42496K, 32% used [0x67000000,0x67d7b580,0x69980000)
 Metaspace       used 3832K, capacity 3878K, committed 3992K, reserved 4400K
}
Event: 6.817 GC heap before
{Heap before GC invocations=5 (full 0):
 PSYoungGen      total 66048K, used 66042K [0x91ac0000, 0x95dc0000, 0xa7000000)
  eden space 63488K, 100% used [0x91ac0000,0x958c0000,0x958c0000)
  from space 2560K, 99% used [0x95b40000,0x95dbeae0,0x95dc0000)
  to   space 2560K, 0% used [0x958c0000,0x958c0000,0x95b40000)
 ParOldGen       total 42496K, used 13805K [0x67000000, 0x69980000, 0x91ac0000)
  object space 42496K, 32% used [0x67000000,0x67d7b580,0x69980000)
 Metaspace       used 3920K, capacity 3942K, committed 3992K, reserved 4400K
Event: 6.950 GC heap after
Heap after GC invocations=5 (full 0):
 PSYoungGen      total 66048K, used 2545K [0x91ac0000, 0x9b4c0000, 0xa7000000)
  eden space 63488K, 0% used [0x91ac0000,0x91ac0000,0x958c0000)
  from space 2560K, 99% used [0x958c0000,0x95b3c458,0x95b40000)
  to   space 15360K, 0% used [0x9a5c0000,0x9a5c0000,0x9b4c0000)
 ParOldGen       total 42496K, used 24119K [0x67000000, 0x69980000, 0x91ac0000)
  object space 42496K, 56% used [0x67000000,0x6878ddd8,0x69980000)
 Metaspace       used 3920K, capacity 3942K, committed 3992K, reserved 4400K
}
Event: 7.839 GC heap before
{Heap before GC invocations=6 (full 0):
 PSYoungGen      total 66048K, used 66033K [0x91ac0000, 0x9b4c0000, 0xa7000000)
  eden space 63488K, 100% used [0x91ac0000,0x958c0000,0x958c0000)
  from space 2560K, 99% used [0x958c0000,0x95b3c458,0x95b40000)
  to   space 15360K, 0% used [0x9a5c0000,0x9a5c0000,0x9b4c0000)
 ParOldGen       total 42496K, used 24119K [0x67000000, 0x69980000, 0x91ac0000)
  object space 42496K, 56% used [0x67000000,0x6878ddd8,0x69980000)
 Metaspace       used 3939K, capacity 3974K, committed 3992K, reserved 4400K
Event: 8.031 GC heap after
Heap after GC invocations=6 (full 0):
 PSYoungGen      total 140032K, used 13263K [0x91ac0000, 0x9b940000, 0xa7000000)
  eden space 124672K, 0% used [0x91ac0000,0x91ac0000,0x99480000)
  from space 15360K, 86% used [0x9a5c0000,0x9b2b3d80,0x9b4c0000)
  to   space 17664K, 0% used [0x99480000,0x99480000,0x9a5c0000)
 ParOldGen       total 42496K, used 24119K [0x67000000, 0x69980000, 0x91ac0000)
  object space 42496K, 56% used [0x67000000,0x6878ddd8,0x69980000)
 Metaspace       used 3939K, capacity 3974K, committed 3992K, reserved 4400K
}
Event: 9.854 GC heap before
{Heap before GC invocations=7 (full 0):
 PSYoungGen      total 140032K, used 137935K [0x91ac0000, 0x9b940000, 0xa7000000)
  eden space 124672K, 100% used [0x91ac0000,0x99480000,0x99480000)
  from space 15360K, 86% used [0x9a5c0000,0x9b2b3d80,0x9b4c0000)
  to   space 17664K, 0% used [0x99480000,0x99480000,0x9a5c0000)
 ParOldGen       total 42496K, used 24119K [0x67000000, 0x69980000, 0x91ac0000)
  object space 42496K, 56% used [0x67000000,0x6878ddd8,0x69980000)
 Metaspace       used 4145K, capacity 4166K, committed 4248K, reserved 4400K

