# JRE version: Java(TM) SE Runtime Environment (8.0_66-b17) (build 1.8.0_66-b17)
# Java VM: Java HotSpot(TM) Server VM (25.66-b17 mixed mode linux-x86 )
Heap:
 PSYoungGen      total 220416K, used 89852K [0x91ac0000, 0xa49c0000, 0xa7000000)
  eden space 130560K, 0% used [0x91ac0000,0x91ac0000,0x99a40000)
  from space 89856K, 99% used [0x99a40000,0x9f1ff3d8,0x9f200000)
  to   space 69888K, 0% used [0x9fac0000,0x9fac0000,0xa3f00000)
 ParOldGen       total 206080K, used 131340K [0x67000000, 0x73940000, 0x91ac0000)
  object space 206080K, 63% used [0x67000000,0x6f0430a8,0x73940000)
 Metaspace       used 3975K, capacity 4006K, committed 4120K, reserved 4400K
GC Heap History (10 events):
Event: 12.458 GC heap after
Heap after GC invocations=6 (full 0):
 PSYoungGen      total 120064K, used 12534K [0x91ac0000, 0x9d540000, 0xa7000000)
  eden space 107520K, 0% used [0x91ac0000,0x91ac0000,0x983c0000)
  from space 12544K, 99% used [0x9a300000,0x9af3dbd8,0x9af40000)
  to   space 32000K, 0% used [0x983c0000,0x983c0000,0x9a300000)
 ParOldGen       total 49920K, used 49725K [0x67000000, 0x6a0c0000, 0x91ac0000)
  object space 49920K, 99% used [0x67000000,0x6a08f7e0,0x6a0c0000)
 Metaspace       used 3960K, capacity 4006K, committed 4120K, reserved 4400K
}
Event: 12.458 GC heap before
{Heap before GC invocations=7 (full 1):
 PSYoungGen      total 120064K, used 12534K [0x91ac0000, 0x9d540000, 0xa7000000)
  eden space 107520K, 0% used [0x91ac0000,0x91ac0000,0x983c0000)
  from space 12544K, 99% used [0x9a300000,0x9af3dbd8,0x9af40000)
  to   space 32000K, 0% used [0x983c0000,0x983c0000,0x9a300000)
 ParOldGen       total 49920K, used 49725K [0x67000000, 0x6a0c0000, 0x91ac0000)
  object space 49920K, 99% used [0x67000000,0x6a08f7e0,0x6a0c0000)
 Metaspace       used 3960K, capacity 4006K, committed 4120K, reserved 4400K
Event: 13.829 GC heap after
Heap after GC invocations=7 (full 1):
 PSYoungGen      total 120064K, used 7312K [0x91ac0000, 0x9d540000, 0xa7000000)
  eden space 107520K, 0% used [0x91ac0000,0x91ac0000,0x983c0000)
  from space 12544K, 58% used [0x9a300000,0x9aa243f8,0x9af40000)
  to   space 32000K, 0% used [0x983c0000,0x983c0000,0x9a300000)
 ParOldGen       total 99328K, used 49762K [0x67000000, 0x6d100000, 0x91ac0000)
  object space 99328K, 50% used [0x67000000,0x6a098ad0,0x6d100000)
 Metaspace       used 3960K, capacity 4006K, committed 4120K, reserved 4400K
}
Event: 14.192 GC heap before
{Heap before GC invocations=8 (full 1):
 PSYoungGen      total 120064K, used 114832K [0x91ac0000, 0x9d540000, 0xa7000000)
  eden space 107520K, 100% used [0x91ac0000,0x983c0000,0x983c0000)
  from space 12544K, 58% used [0x9a300000,0x9aa243f8,0x9af40000)
  to   space 32000K, 0% used [0x983c0000,0x983c0000,0x9a300000)
 ParOldGen       total 99328K, used 49762K [0x67000000, 0x6d100000, 0x91ac0000)
  object space 99328K, 50% used [0x67000000,0x6a098ad0,0x6d100000)
 Metaspace       used 3963K, capacity 4006K, committed 4120K, reserved 4400K
Event: 14.565 GC heap after
Heap after GC invocations=8 (full 1):
 PSYoungGen      total 139520K, used 31985K [0x91ac0000, 0xa3f00000, 0xa7000000)
  eden space 107520K, 0% used [0x91ac0000,0x91ac0000,0x983c0000)
  from space 32000K, 99% used [0x983c0000,0x9a2fc680,0x9a300000)
  to   space 69888K, 0% used [0x9fac0000,0x9fac0000,0xa3f00000)
 ParOldGen       total 111616K, used 110874K [0x67000000, 0x6dd00000, 0x91ac0000)
  object space 111616K, 99% used [0x67000000,0x6dc46a28,0x6dd00000)
 Metaspace       used 3963K, capacity 4006K, committed 4120K, reserved 4400K
}
Event: 14.565 GC heap before
{Heap before GC invocations=9 (full 2):
 PSYoungGen      total 139520K, used 31985K [0x91ac0000, 0xa3f00000, 0xa7000000)
  eden space 107520K, 0% used [0x91ac0000,0x91ac0000,0x983c0000)
  from space 32000K, 99% used [0x983c0000,0x9a2fc680,0x9a300000)
  to   space 69888K, 0% used [0x9fac0000,0x9fac0000,0xa3f00000)
 ParOldGen       total 111616K, used 110874K [0x67000000, 0x6dd00000, 0x91ac0000)
  object space 111616K, 99% used [0x67000000,0x6dc46a28,0x6dd00000)
 Metaspace       used 3963K, capacity 4006K, committed 4120K, reserved 4400K
Event: 15.913 GC heap after
Heap after GC invocations=9 (full 2):
 PSYoungGen      total 139520K, used 9658K [0x91ac0000, 0xa3f00000, 0xa7000000)
  eden space 107520K, 0% used [0x91ac0000,0x91ac0000,0x983c0000)
  from space 32000K, 30% used [0x983c0000,0x98d2ebb8,0x9a300000)
  to   space 69888K, 0% used [0x9fac0000,0x9fac0000,0xa3f00000)
 ParOldGen       total 206080K, used 111497K [0x67000000, 0x73940000, 0x91ac0000)
  object space 206080K, 54% used [0x67000000,0x6dce2630,0x73940000)
 Metaspace       used 3963K, capacity 4006K, committed 4120K, reserved 4400K
}
Event: 16.026 GC heap before
{Heap before GC invocations=10 (full 2):
 PSYoungGen      total 139520K, used 117178K [0x91ac0000, 0xa3f00000, 0xa7000000)
  eden space 107520K, 100% used [0x91ac0000,0x983c0000,0x983c0000)
  from space 32000K, 30% used [0x983c0000,0x98d2ebb8,0x9a300000)
  to   space 69888K, 0% used [0x9fac0000,0x9fac0000,0xa3f00000)
 ParOldGen       total 206080K, used 111497K [0x67000000, 0x73940000, 0x91ac0000)
  object space 206080K, 54% used [0x67000000,0x6dce2630,0x73940000)
 Metaspace       used 3963K, capacity 4006K, committed 4120K, reserved 4400K
Event: 16.233 GC heap after
Heap after GC invocations=10 (full 2):
 PSYoungGen      total 200448K, used 69873K [0x91ac0000, 0xa49c0000, 0xa7000000)
  eden space 130560K, 0% used [0x91ac0000,0x91ac0000,0x99a40000)
  from space 69888K, 99% used [0x9fac0000,0xa3efc540,0xa3f00000)
  to   space 89856K, 0% used [0x99a40000,0x99a40000,0x9f200000)
 ParOldGen       total 206080K, used 123801K [0x67000000, 0x73940000, 0x91ac0000)
  object space 206080K, 60% used [0x67000000,0x6e8e6630,0x73940000)
 Metaspace       used 3963K, capacity 4006K, committed 4120K, reserved 4400K
}
Event: 20.199 GC heap before
{Heap before GC invocations=11 (full 2):
 PSYoungGen      total 200448K, used 200433K [0x91ac0000, 0xa49c0000, 0xa7000000)
  eden space 130560K, 100% used [0x91ac0000,0x99a40000,0x99a40000)
  from space 69888K, 99% used [0x9fac0000,0xa3efc540,0xa3f00000)
  to   space 89856K, 0% used [0x99a40000,0x99a40000,0x9f200000)
 ParOldGen       total 206080K, used 123801K [0x67000000, 0x73940000, 0x91ac0000)
  object space 206080K, 60% used [0x67000000,0x6e8e6630,0x73940000)
 Metaspace       used 3975K, capacity 4006K, committed 4120K, reserved 4400K

